<?xml version="1.0" encoding="UTF-8"?>
<!-- Generated by org.testng.reporters.JUnitXMLReporter -->
<testsuite hostname="ip-172-31-23-194" ignored="0" name="ChromeTest" tests="8" failures="0" timestamp="26 Jul 2018 04:27:30 GMT" time="265.976" errors="0">
  <testcase name="Verify_Home_Screen_Header_Footer" time="0.607" classname="TestCases.GuestUser"/>
  <testcase name="Browse_Categories" time="26.147" classname="TestCases.GuestUser"/>
  <testcase name="Search_Result_Display" time="28.828" classname="TestCases.GuestUser"/>
  <testcase name="Guest_User_BrowseCategory_MiniCart_Validations" time="47.936" classname="TestCases.GuestUser"/>
  <testcase name="Guest_User_SearchResult_MiniCart_VAlidations" time="33.531" classname="TestCases.GuestUser"/>
  <testcase name="Guest_User_CheckOut_Frm_MiniCart" time="12.507" classname="TestCases.GuestUser"/>
  <testcase name="Guest_User_CheckOut_Frm_MiniCart" time="4.617" classname="TestCases.GuestUser"/>
  <testcase name="Guest_User_CheckOut_Frm_MiniCart" time="106.959" classname="TestCases.GuestUser"/>
</testsuite> <!-- ChromeTest -->
