<?xml version="1.0" encoding="UTF-8"?>
<testng-results skipped="0" failed="0" ignored="0" total="8" passed="8">
  <reporter-output>
  </reporter-output>
  <suite name="TestSuite" duration-ms="265976" started-at="2018-07-26T04:23:04Z" finished-at="2018-07-26T04:27:30Z">
    <groups>
    </groups>
    <test name="ChromeTest" duration-ms="265976" started-at="2018-07-26T04:23:04Z" finished-at="2018-07-26T04:27:30Z">
      <class name="TestCases.GuestUser">
        <test-method status="PASS" signature="Extent_Report_Setting(java.lang.String)[pri:0, instance:TestCases.GuestUser@68c4039c]" name="Extent_Report_Setting" is-config="true" duration-ms="193" started-at="2018-07-26T04:23:04Z" finished-at="2018-07-26T04:23:04Z">
          <params>
            <param index="0">
              <value>
                <![CDATA[Chrome]]>
              </value>
            </param>
          </params>
          <reporter-output>
          </reporter-output>
        </test-method> <!-- Extent_Report_Setting -->
        <test-method status="PASS" signature="Browser_URL_SetUP(java.lang.String)[pri:0, instance:TestCases.GuestUser@68c4039c]" name="Browser_URL_SetUP" is-config="true" duration-ms="3987" started-at="2018-07-26T04:23:04Z" finished-at="2018-07-26T04:23:08Z">
          <params>
            <param index="0">
              <value>
                <![CDATA[Chrome]]>
              </value>
            </param>
          </params>
          <reporter-output>
          </reporter-output>
        </test-method> <!-- Browser_URL_SetUP -->
        <test-method status="PASS" signature="Verify_Home_Screen_Header_Footer()[pri:0, instance:TestCases.GuestUser@68c4039c]" name="Verify_Home_Screen_Header_Footer" duration-ms="607" started-at="2018-07-26T04:23:08Z" finished-at="2018-07-26T04:23:09Z">
          <reporter-output>
          </reporter-output>
        </test-method> <!-- Verify_Home_Screen_Header_Footer -->
        <test-method status="PASS" signature="getResult(org.testng.ITestResult)[pri:0, instance:TestCases.GuestUser@68c4039c]" name="getResult" is-config="true" duration-ms="3" started-at="2018-07-26T04:23:09Z" finished-at="2018-07-26T04:23:09Z">
          <params>
            <param index="0">
              <value>
                <![CDATA[[TestResult name=Verify_Home_Screen_Header_Footer status=SUCCESS method=GuestUser.Verify_Home_Screen_Header_Footer()[pri:0, instance:TestCases.GuestUser@68c4039c] output={null}]]]>
              </value>
            </param>
          </params>
          <reporter-output>
          </reporter-output>
        </test-method> <!-- getResult -->
        <test-method status="PASS" signature="Browse_Categories()[pri:0, instance:TestCases.GuestUser@68c4039c]" name="Browse_Categories" duration-ms="26147" started-at="2018-07-26T04:23:09Z" depends-on-methods="TestCases.GuestUser.Verify_Home_Screen_Header_Footer" finished-at="2018-07-26T04:23:35Z">
          <reporter-output>
          </reporter-output>
        </test-method> <!-- Browse_Categories -->
        <test-method status="PASS" signature="getResult(org.testng.ITestResult)[pri:0, instance:TestCases.GuestUser@68c4039c]" name="getResult" is-config="true" duration-ms="1" started-at="2018-07-26T04:23:35Z" finished-at="2018-07-26T04:23:35Z">
          <params>
            <param index="0">
              <value>
                <![CDATA[[TestResult name=Browse_Categories status=SUCCESS method=GuestUser.Browse_Categories()[pri:0, instance:TestCases.GuestUser@68c4039c] output={null}]]]>
              </value>
            </param>
          </params>
          <reporter-output>
          </reporter-output>
        </test-method> <!-- getResult -->
        <test-method status="PASS" signature="Search_Result_Display()[pri:0, instance:TestCases.GuestUser@68c4039c]" name="Search_Result_Display" duration-ms="28828" started-at="2018-07-26T04:23:35Z" depends-on-methods="TestCases.GuestUser.Browse_Categories" finished-at="2018-07-26T04:24:04Z">
          <reporter-output>
          </reporter-output>
        </test-method> <!-- Search_Result_Display -->
        <test-method status="PASS" signature="getResult(org.testng.ITestResult)[pri:0, instance:TestCases.GuestUser@68c4039c]" name="getResult" is-config="true" duration-ms="0" started-at="2018-07-26T04:24:04Z" finished-at="2018-07-26T04:24:04Z">
          <params>
            <param index="0">
              <value>
                <![CDATA[[TestResult name=Search_Result_Display status=SUCCESS method=GuestUser.Search_Result_Display()[pri:0, instance:TestCases.GuestUser@68c4039c] output={null}]]]>
              </value>
            </param>
          </params>
          <reporter-output>
          </reporter-output>
        </test-method> <!-- getResult -->
        <test-method status="PASS" signature="Guest_User_BrowseCategory_MiniCart_Validations()[pri:0, instance:TestCases.GuestUser@68c4039c]" name="Guest_User_BrowseCategory_MiniCart_Validations" duration-ms="47936" started-at="2018-07-26T04:24:04Z" depends-on-methods="TestCases.GuestUser.Search_Result_Display" finished-at="2018-07-26T04:24:52Z">
          <reporter-output>
          </reporter-output>
        </test-method> <!-- Guest_User_BrowseCategory_MiniCart_Validations -->
        <test-method status="PASS" signature="Guest_User_SearchResult_MiniCart_VAlidations()[pri:0, instance:TestCases.GuestUser@68c4039c]" name="Guest_User_SearchResult_MiniCart_VAlidations" duration-ms="33531" started-at="2018-07-26T04:24:52Z" depends-on-methods="TestCases.GuestUser.Guest_User_BrowseCategory_MiniCart_Validations" finished-at="2018-07-26T04:25:25Z">
          <reporter-output>
          </reporter-output>
        </test-method> <!-- Guest_User_SearchResult_MiniCart_VAlidations -->
        <test-method status="PASS" signature="getResult(org.testng.ITestResult)[pri:0, instance:TestCases.GuestUser@68c4039c]" name="getResult" is-config="true" duration-ms="0" started-at="2018-07-26T04:24:52Z" finished-at="2018-07-26T04:24:52Z">
          <params>
            <param index="0">
              <value>
                <![CDATA[[TestResult name=Guest_User_BrowseCategory_MiniCart_Validations status=SUCCESS method=GuestUser.Guest_User_BrowseCategory_MiniCart_Validations()[pri:0, instance:TestCases.GuestUser@68c4039c] output={null}]]]>
              </value>
            </param>
          </params>
          <reporter-output>
          </reporter-output>
        </test-method> <!-- getResult -->
        <test-method status="PASS" signature="getResult(org.testng.ITestResult)[pri:0, instance:TestCases.GuestUser@68c4039c]" name="getResult" is-config="true" duration-ms="0" started-at="2018-07-26T04:25:25Z" finished-at="2018-07-26T04:25:25Z">
          <params>
            <param index="0">
              <value>
                <![CDATA[[TestResult name=Guest_User_SearchResult_MiniCart_VAlidations status=SUCCESS method=GuestUser.Guest_User_SearchResult_MiniCart_VAlidations()[pri:0, instance:TestCases.GuestUser@68c4039c] output={null}]]]>
              </value>
            </param>
          </params>
          <reporter-output>
          </reporter-output>
        </test-method> <!-- getResult -->
        <test-method status="PASS" signature="Guest_User_CheckOut_Frm_MiniCart(java.lang.String, java.lang.String, java.lang.String, java.lang.String, java.lang.String, java.lang.String)[pri:0, instance:TestCases.GuestUser@68c4039c]" name="Guest_User_CheckOut_Frm_MiniCart" duration-ms="12507" started-at="2018-07-26T04:25:26Z" data-provider="CheckOut_Form" depends-on-methods="TestCases.GuestUser.Guest_User_SearchResult_MiniCart_VAlidations" finished-at="2018-07-26T04:25:38Z">
          <params>
            <param index="0">
              <value>
                <![CDATA[]]>
              </value>
            </param>
            <param index="1">
              <value>
                <![CDATA[]]>
              </value>
            </param>
            <param index="2">
              <value>
                <![CDATA[]]>
              </value>
            </param>
            <param index="3">
              <value>
                <![CDATA[]]>
              </value>
            </param>
            <param index="4">
              <value>
                <![CDATA[]]>
              </value>
            </param>
            <param index="5">
              <value>
                <![CDATA[]]>
              </value>
            </param>
          </params>
          <reporter-output>
          </reporter-output>
        </test-method> <!-- Guest_User_CheckOut_Frm_MiniCart -->
        <test-method status="PASS" signature="Guest_User_CheckOut_Frm_MiniCart(java.lang.String, java.lang.String, java.lang.String, java.lang.String, java.lang.String, java.lang.String)[pri:0, instance:TestCases.GuestUser@68c4039c]" name="Guest_User_CheckOut_Frm_MiniCart" duration-ms="4617" started-at="2018-07-26T04:25:38Z" data-provider="CheckOut_Form" depends-on-methods="TestCases.GuestUser.Guest_User_SearchResult_MiniCart_VAlidations" finished-at="2018-07-26T04:25:43Z">
          <params>
            <param index="0">
              <value>
                <![CDATA[rashmi.]]>
              </value>
            </param>
            <param index="1">
              <value>
                <![CDATA[Rash]]>
              </value>
            </param>
            <param index="2">
              <value>
                <![CDATA[R]]>
              </value>
            </param>
            <param index="3">
              <value>
                <![CDATA[Street Adresss Test]]>
              </value>
            </param>
            <param index="4">
              <value>
                <![CDATA[“99”]]>
              </value>
            </param>
            <param index="5">
              <value>
                <![CDATA[“000”]]>
              </value>
            </param>
          </params>
          <reporter-output>
          </reporter-output>
        </test-method> <!-- Guest_User_CheckOut_Frm_MiniCart -->
        <test-method status="PASS" signature="getResult(org.testng.ITestResult)[pri:0, instance:TestCases.GuestUser@68c4039c]" name="getResult" is-config="true" duration-ms="0" started-at="2018-07-26T04:25:38Z" finished-at="2018-07-26T04:25:38Z">
          <params>
            <param index="0">
              <value>
                <![CDATA[[TestResult name=Guest_User_CheckOut_Frm_MiniCart status=SUCCESS method=GuestUser.Guest_User_CheckOut_Frm_MiniCart(java.lang.String, java.lang.String, java.lang.String, java.lang.String, java.lang.String, java.lang.String)[pri:0, instance:TestCases.GuestUser@68c4039c] output={null}]]]>
              </value>
            </param>
          </params>
          <reporter-output>
          </reporter-output>
        </test-method> <!-- getResult -->
        <test-method status="PASS" signature="getResult(org.testng.ITestResult)[pri:0, instance:TestCases.GuestUser@68c4039c]" name="getResult" is-config="true" duration-ms="0" started-at="2018-07-26T04:25:43Z" finished-at="2018-07-26T04:25:43Z">
          <params>
            <param index="0">
              <value>
                <![CDATA[[TestResult name=Guest_User_CheckOut_Frm_MiniCart status=SUCCESS method=GuestUser.Guest_User_CheckOut_Frm_MiniCart(java.lang.String, java.lang.String, java.lang.String, java.lang.String, java.lang.String, java.lang.String)[pri:0, instance:TestCases.GuestUser@68c4039c] output={null}]]]>
              </value>
            </param>
          </params>
          <reporter-output>
          </reporter-output>
        </test-method> <!-- getResult -->
        <test-method status="PASS" signature="Guest_User_CheckOut_Frm_MiniCart(java.lang.String, java.lang.String, java.lang.String, java.lang.String, java.lang.String, java.lang.String)[pri:0, instance:TestCases.GuestUser@68c4039c]" name="Guest_User_CheckOut_Frm_MiniCart" duration-ms="106959" started-at="2018-07-26T04:25:43Z" data-provider="CheckOut_Form" depends-on-methods="TestCases.GuestUser.Guest_User_SearchResult_MiniCart_VAlidations" finished-at="2018-07-26T04:27:30Z">
          <params>
            <param index="0">
              <value>
                <![CDATA[rashmi.rudrawadi@embitel.com]]>
              </value>
            </param>
            <param index="1">
              <value>
                <![CDATA[Rashmi]]>
              </value>
            </param>
            <param index="2">
              <value>
                <![CDATA[R]]>
              </value>
            </param>
            <param index="3">
              <value>
                <![CDATA[Whitefield]]>
              </value>
            </param>
            <param index="4">
              <value>
                <![CDATA[“560066”]]>
              </value>
            </param>
            <param index="5">
              <value>
                <![CDATA[“9591674177”]]>
              </value>
            </param>
          </params>
          <reporter-output>
          </reporter-output>
        </test-method> <!-- Guest_User_CheckOut_Frm_MiniCart -->
        <test-method status="PASS" signature="getResult(org.testng.ITestResult)[pri:0, instance:TestCases.GuestUser@68c4039c]" name="getResult" is-config="true" duration-ms="1" started-at="2018-07-26T04:27:30Z" finished-at="2018-07-26T04:27:30Z">
          <params>
            <param index="0">
              <value>
                <![CDATA[[TestResult name=Guest_User_CheckOut_Frm_MiniCart status=SUCCESS method=GuestUser.Guest_User_CheckOut_Frm_MiniCart(java.lang.String, java.lang.String, java.lang.String, java.lang.String, java.lang.String, java.lang.String)[pri:0, instance:TestCases.GuestUser@68c4039c] output={null}]]]>
              </value>
            </param>
          </params>
          <reporter-output>
          </reporter-output>
        </test-method> <!-- getResult -->
        <test-method status="PASS" signature="tearDown()[pri:0, instance:TestCases.GuestUser@68c4039c]" name="tearDown" is-config="true" duration-ms="426" started-at="2018-07-26T04:27:30Z" finished-at="2018-07-26T04:27:30Z">
          <reporter-output>
          </reporter-output>
        </test-method> <!-- tearDown -->
      </class> <!-- TestCases.GuestUser -->
    </test> <!-- ChromeTest -->
  </suite> <!-- TestSuite -->
</testng-results>
